2012-09-26 03:55:09 Error: [MissingControllerException] Controller class CssController could not be found.
#0 D:\proyectos\webtis_panel\src\webroot\index.php(97): Dispatcher->dispatch(Object(CakeRequest), Object(CakeResponse))
#1 {main}
2012-09-26 03:56:43 Error: [MissingControllerException] Controller class CssController could not be found.
#0 D:\proyectos\webtis_panel\src\webroot\index.php(97): Dispatcher->dispatch(Object(CakeRequest), Object(CakeResponse))
#1 {main}
2012-09-26 03:57:01 Error: [MissingControllerException] Controller class CssController could not be found.
#0 D:\proyectos\webtis_panel\src\webroot\index.php(97): Dispatcher->dispatch(Object(CakeRequest), Object(CakeResponse))
#1 {main}
2012-09-26 03:58:42 Error: [MissingControllerException] Controller class CssController could not be found.
#0 D:\proyectos\webtis_panel\src\webroot\index.php(97): Dispatcher->dispatch(Object(CakeRequest), Object(CakeResponse))
#1 {main}
2012-09-26 04:00:36 Error: [MissingControllerException] Controller class CssController could not be found.
#0 D:\proyectos\webtis_panel\src\webroot\index.php(97): Dispatcher->dispatch(Object(CakeRequest), Object(CakeResponse))
#1 {main}
2012-09-26 04:02:30 Error: [MissingControllerException] Controller class CssController could not be found.
#0 D:\proyectos\webtis_panel\src\webroot\index.php(97): Dispatcher->dispatch(Object(CakeRequest), Object(CakeResponse))
#1 {main}
2012-09-26 04:05:27 Error: [MissingControllerException] Controller class CssController could not be found.
#0 D:\proyectos\webtis_panel\src\webroot\index.php(97): Dispatcher->dispatch(Object(CakeRequest), Object(CakeResponse))
#1 {main}
2012-09-26 04:09:38 Error: [MissingControllerException] Controller class CssController could not be found.
#0 D:\proyectos\webtis_panel\src\webroot\index.php(97): Dispatcher->dispatch(Object(CakeRequest), Object(CakeResponse))
#1 {main}
2012-09-26 04:14:59 Error: [MissingControllerException] Controller class CssController could not be found.
#0 D:\proyectos\webtis_panel\src\webroot\index.php(97): Dispatcher->dispatch(Object(CakeRequest), Object(CakeResponse))
#1 {main}
2012-09-26 04:15:48 Error: [MissingControllerException] Controller class CssController could not be found.
#0 D:\proyectos\webtis_panel\src\webroot\index.php(97): Dispatcher->dispatch(Object(CakeRequest), Object(CakeResponse))
#1 {main}
2012-09-26 04:17:39 Error: [MissingControllerException] Controller class CssController could not be found.
#0 D:\proyectos\webtis_panel\src\webroot\index.php(97): Dispatcher->dispatch(Object(CakeRequest), Object(CakeResponse))
#1 {main}
2012-09-26 04:19:09 Error: [MissingControllerException] Controller class CssController could not be found.
#0 D:\proyectos\webtis_panel\src\webroot\index.php(97): Dispatcher->dispatch(Object(CakeRequest), Object(CakeResponse))
#1 {main}
2012-09-26 04:22:49 Error: [MissingControllerException] Controller class CssController could not be found.
#0 D:\proyectos\webtis_panel\src\webroot\index.php(97): Dispatcher->dispatch(Object(CakeRequest), Object(CakeResponse))
#1 {main}
2012-09-26 04:27:57 Error: [MissingViewException] View file "D:\proyectos\webtis_panel\src\View\Pages\test.ctp" is missing.
#0 C:\xampp\cakephp-2.1\lib\Cake\View\View.php(460): View->_getViewFileName('test')
#1 C:\xampp\cakephp-2.1\lib\Cake\Controller\Controller.php(959): View->render('test', NULL)
#2 D:\proyectos\webtis_panel\src\Controller\PagesController.php(71): Controller->render('test')
#3 [internal function]: PagesController->display('test')
#4 C:\xampp\cakephp-2.1\lib\Cake\Controller\Controller.php(485): ReflectionMethod->invokeArgs(Object(PagesController), Array)
#5 C:\xampp\cakephp-2.1\lib\Cake\Routing\Dispatcher.php(103): Controller->invokeAction(Object(CakeRequest))
#6 C:\xampp\cakephp-2.1\lib\Cake\Routing\Dispatcher.php(85): Dispatcher->_invoke(Object(PagesController), Object(CakeRequest), Object(CakeResponse))
#7 D:\proyectos\webtis_panel\src\webroot\index.php(97): Dispatcher->dispatch(Object(CakeRequest), Object(CakeResponse))
#8 {main}
2012-09-26 04:27:58 Error: [MissingViewException] View file "D:\proyectos\webtis_panel\src\View\Pages\img\social\twitter_32.png.ctp" is missing.
#0 C:\xampp\cakephp-2.1\lib\Cake\View\View.php(460): View->_getViewFileName('img/social/twit...')
#1 C:\xampp\cakephp-2.1\lib\Cake\Controller\Controller.php(959): View->render('img/social/twit...', NULL)
#2 D:\proyectos\webtis_panel\src\Controller\PagesController.php(71): Controller->render('img/social/twit...')
#3 [internal function]: PagesController->display('img', 'social', 'twitter_32.png')
#4 C:\xampp\cakephp-2.1\lib\Cake\Controller\Controller.php(485): ReflectionMethod->invokeArgs(Object(PagesController), Array)
#5 C:\xampp\cakephp-2.1\lib\Cake\Routing\Dispatcher.php(103): Controller->invokeAction(Object(CakeRequest))
#6 C:\xampp\cakephp-2.1\lib\Cake\Routing\Dispatcher.php(85): Dispatcher->_invoke(Object(PagesController), Object(CakeRequest), Object(CakeResponse))
#7 D:\proyectos\webtis_panel\src\webroot\index.php(97): Dispatcher->dispatch(Object(CakeRequest), Object(CakeResponse))
#8 {main}
2012-09-26 04:27:58 Error: [MissingViewException] View file "D:\proyectos\webtis_panel\src\View\Pages\img\social\facebook_32.png.ctp" is missing.
#0 C:\xampp\cakephp-2.1\lib\Cake\View\View.php(460): View->_getViewFileName('img/social/face...')
#1 C:\xampp\cakephp-2.1\lib\Cake\Controller\Controller.php(959): View->render('img/social/face...', NULL)
#2 D:\proyectos\webtis_panel\src\Controller\PagesController.php(71): Controller->render('img/social/face...')
#3 [internal function]: PagesController->display('img', 'social', 'facebook_32.png')
#4 C:\xampp\cakephp-2.1\lib\Cake\Controller\Controller.php(485): ReflectionMethod->invokeArgs(Object(PagesController), Array)
#5 C:\xampp\cakephp-2.1\lib\Cake\Routing\Dispatcher.php(103): Controller->invokeAction(Object(CakeRequest))
#6 C:\xampp\cakephp-2.1\lib\Cake\Routing\Dispatcher.php(85): Dispatcher->_invoke(Object(PagesController), Object(CakeRequest), Object(CakeResponse))
#7 D:\proyectos\webtis_panel\src\webroot\index.php(97): Dispatcher->dispatch(Object(CakeRequest), Object(CakeResponse))
#8 {main}
2012-09-26 04:27:58 Error: [MissingViewException] View file "D:\proyectos\webtis_panel\src\View\Pages\img\social\linkedin_32.png.ctp" is missing.
#0 C:\xampp\cakephp-2.1\lib\Cake\View\View.php(460): View->_getViewFileName('img/social/link...')
#1 C:\xampp\cakephp-2.1\lib\Cake\Controller\Controller.php(959): View->render('img/social/link...', NULL)
#2 D:\proyectos\webtis_panel\src\Controller\PagesController.php(71): Controller->render('img/social/link...')
#3 [internal function]: PagesController->display('img', 'social', 'linkedin_32.png')
#4 C:\xampp\cakephp-2.1\lib\Cake\Controller\Controller.php(485): ReflectionMethod->invokeArgs(Object(PagesController), Array)
#5 C:\xampp\cakephp-2.1\lib\Cake\Routing\Dispatcher.php(103): Controller->invokeAction(Object(CakeRequest))
#6 C:\xampp\cakephp-2.1\lib\Cake\Routing\Dispatcher.php(85): Dispatcher->_invoke(Object(PagesController), Object(CakeRequest), Object(CakeResponse))
#7 D:\proyectos\webtis_panel\src\webroot\index.php(97): Dispatcher->dispatch(Object(CakeRequest), Object(CakeResponse))
#8 {main}
2012-09-26 04:27:58 Error: [MissingViewException] View file "D:\proyectos\webtis_panel\src\View\Pages\img\icon_map.png.ctp" is missing.
#0 C:\xampp\cakephp-2.1\lib\Cake\View\View.php(460): View->_getViewFileName('img/icon_map.pn...')
#1 C:\xampp\cakephp-2.1\lib\Cake\Controller\Controller.php(959): View->render('img/icon_map.pn...', NULL)
#2 D:\proyectos\webtis_panel\src\Controller\PagesController.php(71): Controller->render('img/icon_map.pn...')
#3 [internal function]: PagesController->display('img', 'icon_map.png')
#4 C:\xampp\cakephp-2.1\lib\Cake\Controller\Controller.php(485): ReflectionMethod->invokeArgs(Object(PagesController), Array)
#5 C:\xampp\cakephp-2.1\lib\Cake\Routing\Dispatcher.php(103): Controller->invokeAction(Object(CakeRequest))
#6 C:\xampp\cakephp-2.1\lib\Cake\Routing\Dispatcher.php(85): Dispatcher->_invoke(Object(PagesController), Object(CakeRequest), Object(CakeResponse))
#7 D:\proyectos\webtis_panel\src\webroot\index.php(97): Dispatcher->dispatch(Object(CakeRequest), Object(CakeResponse))
#8 {main}
2012-09-26 04:29:07 Error: [MissingViewException] View file "D:\proyectos\webtis_panel\src\View\Pages\img\social\facebook_32.png.ctp" is missing.
#0 C:\xampp\cakephp-2.1\lib\Cake\View\View.php(460): View->_getViewFileName('img/social/face...')
#1 C:\xampp\cakephp-2.1\lib\Cake\Controller\Controller.php(959): View->render('img/social/face...', NULL)
#2 D:\proyectos\webtis_panel\src\Controller\PagesController.php(71): Controller->render('img/social/face...')
#3 [internal function]: PagesController->display('img', 'social', 'facebook_32.png')
#4 C:\xampp\cakephp-2.1\lib\Cake\Controller\Controller.php(485): ReflectionMethod->invokeArgs(Object(PagesController), Array)
#5 C:\xampp\cakephp-2.1\lib\Cake\Routing\Dispatcher.php(103): Controller->invokeAction(Object(CakeRequest))
#6 C:\xampp\cakephp-2.1\lib\Cake\Routing\Dispatcher.php(85): Dispatcher->_invoke(Object(PagesController), Object(CakeRequest), Object(CakeResponse))
#7 D:\proyectos\webtis_panel\src\webroot\index.php(97): Dispatcher->dispatch(Object(CakeRequest), Object(CakeResponse))
#8 {main}
2012-09-26 04:29:07 Error: [MissingViewException] View file "D:\proyectos\webtis_panel\src\View\Pages\img\social\twitter_32.png.ctp" is missing.
#0 C:\xampp\cakephp-2.1\lib\Cake\View\View.php(460): View->_getViewFileName('img/social/twit...')
#1 C:\xampp\cakephp-2.1\lib\Cake\Controller\Controller.php(959): View->render('img/social/twit...', NULL)
#2 D:\proyectos\webtis_panel\src\Controller\PagesController.php(71): Controller->render('img/social/twit...')
#3 [internal function]: PagesController->display('img', 'social', 'twitter_32.png')
#4 C:\xampp\cakephp-2.1\lib\Cake\Controller\Controller.php(485): ReflectionMethod->invokeArgs(Object(PagesController), Array)
#5 C:\xampp\cakephp-2.1\lib\Cake\Routing\Dispatcher.php(103): Controller->invokeAction(Object(CakeRequest))
#6 C:\xampp\cakephp-2.1\lib\Cake\Routing\Dispatcher.php(85): Dispatcher->_invoke(Object(PagesController), Object(CakeRequest), Object(CakeResponse))
#7 D:\proyectos\webtis_panel\src\webroot\index.php(97): Dispatcher->dispatch(Object(CakeRequest), Object(CakeResponse))
#8 {main}
2012-09-26 04:29:07 Error: [MissingViewException] View file "D:\proyectos\webtis_panel\src\View\Pages\img\icon_map.png.ctp" is missing.
#0 C:\xampp\cakephp-2.1\lib\Cake\View\View.php(460): View->_getViewFileName('img/icon_map.pn...')
#1 C:\xampp\cakephp-2.1\lib\Cake\Controller\Controller.php(959): View->render('img/icon_map.pn...', NULL)
#2 D:\proyectos\webtis_panel\src\Controller\PagesController.php(71): Controller->render('img/icon_map.pn...')
#3 [internal function]: PagesController->display('img', 'icon_map.png')
#4 C:\xampp\cakephp-2.1\lib\Cake\Controller\Controller.php(485): ReflectionMethod->invokeArgs(Object(PagesController), Array)
#5 C:\xampp\cakephp-2.1\lib\Cake\Routing\Dispatcher.php(103): Controller->invokeAction(Object(CakeRequest))
#6 C:\xampp\cakephp-2.1\lib\Cake\Routing\Dispatcher.php(85): Dispatcher->_invoke(Object(PagesController), Object(CakeRequest), Object(CakeResponse))
#7 D:\proyectos\webtis_panel\src\webroot\index.php(97): Dispatcher->dispatch(Object(CakeRequest), Object(CakeResponse))
#8 {main}
2012-09-26 04:29:07 Error: [MissingViewException] View file "D:\proyectos\webtis_panel\src\View\Pages\img\social\linkedin_32.png.ctp" is missing.
#0 C:\xampp\cakephp-2.1\lib\Cake\View\View.php(460): View->_getViewFileName('img/social/link...')
#1 C:\xampp\cakephp-2.1\lib\Cake\Controller\Controller.php(959): View->render('img/social/link...', NULL)
#2 D:\proyectos\webtis_panel\src\Controller\PagesController.php(71): Controller->render('img/social/link...')
#3 [internal function]: PagesController->display('img', 'social', 'linkedin_32.png')
#4 C:\xampp\cakephp-2.1\lib\Cake\Controller\Controller.php(485): ReflectionMethod->invokeArgs(Object(PagesController), Array)
#5 C:\xampp\cakephp-2.1\lib\Cake\Routing\Dispatcher.php(103): Controller->invokeAction(Object(CakeRequest))
#6 C:\xampp\cakephp-2.1\lib\Cake\Routing\Dispatcher.php(85): Dispatcher->_invoke(Object(PagesController), Object(CakeRequest), Object(CakeResponse))
#7 D:\proyectos\webtis_panel\src\webroot\index.php(97): Dispatcher->dispatch(Object(CakeRequest), Object(CakeResponse))
#8 {main}
2012-09-26 04:30:04 Error: [MissingViewException] View file "D:\proyectos\webtis_panel\src\View\Pages\img\social\twitter_32.png.ctp" is missing.
#0 C:\xampp\cakephp-2.1\lib\Cake\View\View.php(460): View->_getViewFileName('img/social/twit...')
#1 C:\xampp\cakephp-2.1\lib\Cake\Controller\Controller.php(959): View->render('img/social/twit...', NULL)
#2 D:\proyectos\webtis_panel\src\Controller\PagesController.php(71): Controller->render('img/social/twit...')
#3 [internal function]: PagesController->display('img', 'social', 'twitter_32.png')
#4 C:\xampp\cakephp-2.1\lib\Cake\Controller\Controller.php(485): ReflectionMethod->invokeArgs(Object(PagesController), Array)
#5 C:\xampp\cakephp-2.1\lib\Cake\Routing\Dispatcher.php(103): Controller->invokeAction(Object(CakeRequest))
#6 C:\xampp\cakephp-2.1\lib\Cake\Routing\Dispatcher.php(85): Dispatcher->_invoke(Object(PagesController), Object(CakeRequest), Object(CakeResponse))
#7 D:\proyectos\webtis_panel\src\webroot\index.php(97): Dispatcher->dispatch(Object(CakeRequest), Object(CakeResponse))
#8 {main}
2012-09-26 04:30:04 Error: [MissingViewException] View file "D:\proyectos\webtis_panel\src\View\Pages\img\social\facebook_32.png.ctp" is missing.
#0 C:\xampp\cakephp-2.1\lib\Cake\View\View.php(460): View->_getViewFileName('img/social/face...')
#1 C:\xampp\cakephp-2.1\lib\Cake\Controller\Controller.php(959): View->render('img/social/face...', NULL)
#2 D:\proyectos\webtis_panel\src\Controller\PagesController.php(71): Controller->render('img/social/face...')
#3 [internal function]: PagesController->display('img', 'social', 'facebook_32.png')
#4 C:\xampp\cakephp-2.1\lib\Cake\Controller\Controller.php(485): ReflectionMethod->invokeArgs(Object(PagesController), Array)
#5 C:\xampp\cakephp-2.1\lib\Cake\Routing\Dispatcher.php(103): Controller->invokeAction(Object(CakeRequest))
#6 C:\xampp\cakephp-2.1\lib\Cake\Routing\Dispatcher.php(85): Dispatcher->_invoke(Object(PagesController), Object(CakeRequest), Object(CakeResponse))
#7 D:\proyectos\webtis_panel\src\webroot\index.php(97): Dispatcher->dispatch(Object(CakeRequest), Object(CakeResponse))
#8 {main}
2012-09-26 04:30:04 Error: [MissingViewException] View file "D:\proyectos\webtis_panel\src\View\Pages\img\icon_map.png.ctp" is missing.
#0 C:\xampp\cakephp-2.1\lib\Cake\View\View.php(460): View->_getViewFileName('img/icon_map.pn...')
#1 C:\xampp\cakephp-2.1\lib\Cake\Controller\Controller.php(959): View->render('img/icon_map.pn...', NULL)
#2 D:\proyectos\webtis_panel\src\Controller\PagesController.php(71): Controller->render('img/icon_map.pn...')
#3 [internal function]: PagesController->display('img', 'icon_map.png')
#4 C:\xampp\cakephp-2.1\lib\Cake\Controller\Controller.php(485): ReflectionMethod->invokeArgs(Object(PagesController), Array)
#5 C:\xampp\cakephp-2.1\lib\Cake\Routing\Dispatcher.php(103): Controller->invokeAction(Object(CakeRequest))
#6 C:\xampp\cakephp-2.1\lib\Cake\Routing\Dispatcher.php(85): Dispatcher->_invoke(Object(PagesController), Object(CakeRequest), Object(CakeResponse))
#7 D:\proyectos\webtis_panel\src\webroot\index.php(97): Dispatcher->dispatch(Object(CakeRequest), Object(CakeResponse))
#8 {main}
2012-09-26 04:30:04 Error: [MissingViewException] View file "D:\proyectos\webtis_panel\src\View\Pages\img\social\linkedin_32.png.ctp" is missing.
#0 C:\xampp\cakephp-2.1\lib\Cake\View\View.php(460): View->_getViewFileName('img/social/link...')
#1 C:\xampp\cakephp-2.1\lib\Cake\Controller\Controller.php(959): View->render('img/social/link...', NULL)
#2 D:\proyectos\webtis_panel\src\Controller\PagesController.php(71): Controller->render('img/social/link...')
#3 [internal function]: PagesController->display('img', 'social', 'linkedin_32.png')
#4 C:\xampp\cakephp-2.1\lib\Cake\Controller\Controller.php(485): ReflectionMethod->invokeArgs(Object(PagesController), Array)
#5 C:\xampp\cakephp-2.1\lib\Cake\Routing\Dispatcher.php(103): Controller->invokeAction(Object(CakeRequest))
#6 C:\xampp\cakephp-2.1\lib\Cake\Routing\Dispatcher.php(85): Dispatcher->_invoke(Object(PagesController), Object(CakeRequest), Object(CakeResponse))
#7 D:\proyectos\webtis_panel\src\webroot\index.php(97): Dispatcher->dispatch(Object(CakeRequest), Object(CakeResponse))
#8 {main}
2012-09-26 04:30:07 Error: [MissingViewException] View file "D:\proyectos\webtis_panel\src\View\Pages\img\social\linkedin_32.png.ctp" is missing.
#0 C:\xampp\cakephp-2.1\lib\Cake\View\View.php(460): View->_getViewFileName('img/social/link...')
#1 C:\xampp\cakephp-2.1\lib\Cake\Controller\Controller.php(959): View->render('img/social/link...', NULL)
#2 D:\proyectos\webtis_panel\src\Controller\PagesController.php(71): Controller->render('img/social/link...')
#3 [internal function]: PagesController->display('img', 'social', 'linkedin_32.png')
#4 C:\xampp\cakephp-2.1\lib\Cake\Controller\Controller.php(485): ReflectionMethod->invokeArgs(Object(PagesController), Array)
#5 C:\xampp\cakephp-2.1\lib\Cake\Routing\Dispatcher.php(103): Controller->invokeAction(Object(CakeRequest))
#6 C:\xampp\cakephp-2.1\lib\Cake\Routing\Dispatcher.php(85): Dispatcher->_invoke(Object(PagesController), Object(CakeRequest), Object(CakeResponse))
#7 D:\proyectos\webtis_panel\src\webroot\index.php(97): Dispatcher->dispatch(Object(CakeRequest), Object(CakeResponse))
#8 {main}
2012-09-26 04:30:07 Error: [MissingViewException] View file "D:\proyectos\webtis_panel\src\View\Pages\img\social\facebook_32.png.ctp" is missing.
#0 C:\xampp\cakephp-2.1\lib\Cake\View\View.php(460): View->_getViewFileName('img/social/face...')
#1 C:\xampp\cakephp-2.1\lib\Cake\Controller\Controller.php(959): View->render('img/social/face...', NULL)
#2 D:\proyectos\webtis_panel\src\Controller\PagesController.php(71): Controller->render('img/social/face...')
#3 [internal function]: PagesController->display('img', 'social', 'facebook_32.png')
#4 C:\xampp\cakephp-2.1\lib\Cake\Controller\Controller.php(485): ReflectionMethod->invokeArgs(Object(PagesController), Array)
#5 C:\xampp\cakephp-2.1\lib\Cake\Routing\Dispatcher.php(103): Controller->invokeAction(Object(CakeRequest))
#6 C:\xampp\cakephp-2.1\lib\Cake\Routing\Dispatcher.php(85): Dispatcher->_invoke(Object(PagesController), Object(CakeRequest), Object(CakeResponse))
#7 D:\proyectos\webtis_panel\src\webroot\index.php(97): Dispatcher->dispatch(Object(CakeRequest), Object(CakeResponse))
#8 {main}
2012-09-26 04:30:07 Error: [MissingViewException] View file "D:\proyectos\webtis_panel\src\View\Pages\img\icon_map.png.ctp" is missing.
#0 C:\xampp\cakephp-2.1\lib\Cake\View\View.php(460): View->_getViewFileName('img/icon_map.pn...')
#1 C:\xampp\cakephp-2.1\lib\Cake\Controller\Controller.php(959): View->render('img/icon_map.pn...', NULL)
#2 D:\proyectos\webtis_panel\src\Controller\PagesController.php(71): Controller->render('img/icon_map.pn...')
#3 [internal function]: PagesController->display('img', 'icon_map.png')
#4 C:\xampp\cakephp-2.1\lib\Cake\Controller\Controller.php(485): ReflectionMethod->invokeArgs(Object(PagesController), Array)
#5 C:\xampp\cakephp-2.1\lib\Cake\Routing\Dispatcher.php(103): Controller->invokeAction(Object(CakeRequest))
#6 C:\xampp\cakephp-2.1\lib\Cake\Routing\Dispatcher.php(85): Dispatcher->_invoke(Object(PagesController), Object(CakeRequest), Object(CakeResponse))
#7 D:\proyectos\webtis_panel\src\webroot\index.php(97): Dispatcher->dispatch(Object(CakeRequest), Object(CakeResponse))
#8 {main}
2012-09-26 04:30:07 Error: [MissingViewException] View file "D:\proyectos\webtis_panel\src\View\Pages\img\social\twitter_32.png.ctp" is missing.
#0 C:\xampp\cakephp-2.1\lib\Cake\View\View.php(460): View->_getViewFileName('img/social/twit...')
#1 C:\xampp\cakephp-2.1\lib\Cake\Controller\Controller.php(959): View->render('img/social/twit...', NULL)
#2 D:\proyectos\webtis_panel\src\Controller\PagesController.php(71): Controller->render('img/social/twit...')
#3 [internal function]: PagesController->display('img', 'social', 'twitter_32.png')
#4 C:\xampp\cakephp-2.1\lib\Cake\Controller\Controller.php(485): ReflectionMethod->invokeArgs(Object(PagesController), Array)
#5 C:\xampp\cakephp-2.1\lib\Cake\Routing\Dispatcher.php(103): Controller->invokeAction(Object(CakeRequest))
#6 C:\xampp\cakephp-2.1\lib\Cake\Routing\Dispatcher.php(85): Dispatcher->_invoke(Object(PagesController), Object(CakeRequest), Object(CakeResponse))
#7 D:\proyectos\webtis_panel\src\webroot\index.php(97): Dispatcher->dispatch(Object(CakeRequest), Object(CakeResponse))
#8 {main}
2012-09-26 04:30:08 Error: [MissingViewException] View file "D:\proyectos\webtis_panel\src\View\Pages\img\social\twitter_32.png.ctp" is missing.
#0 C:\xampp\cakephp-2.1\lib\Cake\View\View.php(460): View->_getViewFileName('img/social/twit...')
#1 C:\xampp\cakephp-2.1\lib\Cake\Controller\Controller.php(959): View->render('img/social/twit...', NULL)
#2 D:\proyectos\webtis_panel\src\Controller\PagesController.php(71): Controller->render('img/social/twit...')
#3 [internal function]: PagesController->display('img', 'social', 'twitter_32.png')
#4 C:\xampp\cakephp-2.1\lib\Cake\Controller\Controller.php(485): ReflectionMethod->invokeArgs(Object(PagesController), Array)
#5 C:\xampp\cakephp-2.1\lib\Cake\Routing\Dispatcher.php(103): Controller->invokeAction(Object(CakeRequest))
#6 C:\xampp\cakephp-2.1\lib\Cake\Routing\Dispatcher.php(85): Dispatcher->_invoke(Object(PagesController), Object(CakeRequest), Object(CakeResponse))
#7 D:\proyectos\webtis_panel\src\webroot\index.php(97): Dispatcher->dispatch(Object(CakeRequest), Object(CakeResponse))
#8 {main}
2012-09-26 04:30:08 Error: [MissingViewException] View file "D:\proyectos\webtis_panel\src\View\Pages\img\social\facebook_32.png.ctp" is missing.
#0 C:\xampp\cakephp-2.1\lib\Cake\View\View.php(460): View->_getViewFileName('img/social/face...')
#1 C:\xampp\cakephp-2.1\lib\Cake\Controller\Controller.php(959): View->render('img/social/face...', NULL)
#2 D:\proyectos\webtis_panel\src\Controller\PagesController.php(71): Controller->render('img/social/face...')
#3 [internal function]: PagesController->display('img', 'social', 'facebook_32.png')
#4 C:\xampp\cakephp-2.1\lib\Cake\Controller\Controller.php(485): ReflectionMethod->invokeArgs(Object(PagesController), Array)
#5 C:\xampp\cakephp-2.1\lib\Cake\Routing\Dispatcher.php(103): Controller->invokeAction(Object(CakeRequest))
#6 C:\xampp\cakephp-2.1\lib\Cake\Routing\Dispatcher.php(85): Dispatcher->_invoke(Object(PagesController), Object(CakeRequest), Object(CakeResponse))
#7 D:\proyectos\webtis_panel\src\webroot\index.php(97): Dispatcher->dispatch(Object(CakeRequest), Object(CakeResponse))
#8 {main}
2012-09-26 04:30:08 Error: [MissingViewException] View file "D:\proyectos\webtis_panel\src\View\Pages\img\social\linkedin_32.png.ctp" is missing.
#0 C:\xampp\cakephp-2.1\lib\Cake\View\View.php(460): View->_getViewFileName('img/social/link...')
#1 C:\xampp\cakephp-2.1\lib\Cake\Controller\Controller.php(959): View->render('img/social/link...', NULL)
#2 D:\proyectos\webtis_panel\src\Controller\PagesController.php(71): Controller->render('img/social/link...')
#3 [internal function]: PagesController->display('img', 'social', 'linkedin_32.png')
#4 C:\xampp\cakephp-2.1\lib\Cake\Controller\Controller.php(485): ReflectionMethod->invokeArgs(Object(PagesController), Array)
#5 C:\xampp\cakephp-2.1\lib\Cake\Routing\Dispatcher.php(103): Controller->invokeAction(Object(CakeRequest))
#6 C:\xampp\cakephp-2.1\lib\Cake\Routing\Dispatcher.php(85): Dispatcher->_invoke(Object(PagesController), Object(CakeRequest), Object(CakeResponse))
#7 D:\proyectos\webtis_panel\src\webroot\index.php(97): Dispatcher->dispatch(Object(CakeRequest), Object(CakeResponse))
#8 {main}
2012-09-26 04:30:08 Error: [MissingViewException] View file "D:\proyectos\webtis_panel\src\View\Pages\img\icon_map.png.ctp" is missing.
#0 C:\xampp\cakephp-2.1\lib\Cake\View\View.php(460): View->_getViewFileName('img/icon_map.pn...')
#1 C:\xampp\cakephp-2.1\lib\Cake\Controller\Controller.php(959): View->render('img/icon_map.pn...', NULL)
#2 D:\proyectos\webtis_panel\src\Controller\PagesController.php(71): Controller->render('img/icon_map.pn...')
#3 [internal function]: PagesController->display('img', 'icon_map.png')
#4 C:\xampp\cakephp-2.1\lib\Cake\Controller\Controller.php(485): ReflectionMethod->invokeArgs(Object(PagesController), Array)
#5 C:\xampp\cakephp-2.1\lib\Cake\Routing\Dispatcher.php(103): Controller->invokeAction(Object(CakeRequest))
#6 C:\xampp\cakephp-2.1\lib\Cake\Routing\Dispatcher.php(85): Dispatcher->_invoke(Object(PagesController), Object(CakeRequest), Object(CakeResponse))
#7 D:\proyectos\webtis_panel\src\webroot\index.php(97): Dispatcher->dispatch(Object(CakeRequest), Object(CakeResponse))
#8 {main}
2012-09-26 04:31:01 Error: [MissingViewException] View file "D:\proyectos\webtis_panel\src\View\Pages\img\social\twitter_32.png.ctp" is missing.
#0 C:\xampp\cakephp-2.1\lib\Cake\View\View.php(460): View->_getViewFileName('img/social/twit...')
#1 C:\xampp\cakephp-2.1\lib\Cake\Controller\Controller.php(959): View->render('img/social/twit...', NULL)
#2 D:\proyectos\webtis_panel\src\Controller\PagesController.php(71): Controller->render('img/social/twit...')
#3 [internal function]: PagesController->display('img', 'social', 'twitter_32.png')
#4 C:\xampp\cakephp-2.1\lib\Cake\Controller\Controller.php(485): ReflectionMethod->invokeArgs(Object(PagesController), Array)
#5 C:\xampp\cakephp-2.1\lib\Cake\Routing\Dispatcher.php(103): Controller->invokeAction(Object(CakeRequest))
#6 C:\xampp\cakephp-2.1\lib\Cake\Routing\Dispatcher.php(85): Dispatcher->_invoke(Object(PagesController), Object(CakeRequest), Object(CakeResponse))
#7 D:\proyectos\webtis_panel\src\webroot\index.php(97): Dispatcher->dispatch(Object(CakeRequest), Object(CakeResponse))
#8 {main}
2012-09-26 04:31:01 Error: [MissingViewException] View file "D:\proyectos\webtis_panel\src\View\Pages\img\icon_map.png.ctp" is missing.
#0 C:\xampp\cakephp-2.1\lib\Cake\View\View.php(460): View->_getViewFileName('img/icon_map.pn...')
#1 C:\xampp\cakephp-2.1\lib\Cake\Controller\Controller.php(959): View->render('img/icon_map.pn...', NULL)
#2 D:\proyectos\webtis_panel\src\Controller\PagesController.php(71): Controller->render('img/icon_map.pn...')
#3 [internal function]: PagesController->display('img', 'icon_map.png')
#4 C:\xampp\cakephp-2.1\lib\Cake\Controller\Controller.php(485): ReflectionMethod->invokeArgs(Object(PagesController), Array)
#5 C:\xampp\cakephp-2.1\lib\Cake\Routing\Dispatcher.php(103): Controller->invokeAction(Object(CakeRequest))
#6 C:\xampp\cakephp-2.1\lib\Cake\Routing\Dispatcher.php(85): Dispatcher->_invoke(Object(PagesController), Object(CakeRequest), Object(CakeResponse))
#7 D:\proyectos\webtis_panel\src\webroot\index.php(97): Dispatcher->dispatch(Object(CakeRequest), Object(CakeResponse))
#8 {main}
2012-09-26 04:31:01 Error: [MissingViewException] View file "D:\proyectos\webtis_panel\src\View\Pages\img\social\linkedin_32.png.ctp" is missing.
#0 C:\xampp\cakephp-2.1\lib\Cake\View\View.php(460): View->_getViewFileName('img/social/link...')
#1 C:\xampp\cakephp-2.1\lib\Cake\Controller\Controller.php(959): View->render('img/social/link...', NULL)
#2 D:\proyectos\webtis_panel\src\Controller\PagesController.php(71): Controller->render('img/social/link...')
#3 [internal function]: PagesController->display('img', 'social', 'linkedin_32.png')
#4 C:\xampp\cakephp-2.1\lib\Cake\Controller\Controller.php(485): ReflectionMethod->invokeArgs(Object(PagesController), Array)
#5 C:\xampp\cakephp-2.1\lib\Cake\Routing\Dispatcher.php(103): Controller->invokeAction(Object(CakeRequest))
#6 C:\xampp\cakephp-2.1\lib\Cake\Routing\Dispatcher.php(85): Dispatcher->_invoke(Object(PagesController), Object(CakeRequest), Object(CakeResponse))
#7 D:\proyectos\webtis_panel\src\webroot\index.php(97): Dispatcher->dispatch(Object(CakeRequest), Object(CakeResponse))
#8 {main}
2012-09-26 04:31:01 Error: [MissingViewException] View file "D:\proyectos\webtis_panel\src\View\Pages\img\social\facebook_32.png.ctp" is missing.
#0 C:\xampp\cakephp-2.1\lib\Cake\View\View.php(460): View->_getViewFileName('img/social/face...')
#1 C:\xampp\cakephp-2.1\lib\Cake\Controller\Controller.php(959): View->render('img/social/face...', NULL)
#2 D:\proyectos\webtis_panel\src\Controller\PagesController.php(71): Controller->render('img/social/face...')
#3 [internal function]: PagesController->display('img', 'social', 'facebook_32.png')
#4 C:\xampp\cakephp-2.1\lib\Cake\Controller\Controller.php(485): ReflectionMethod->invokeArgs(Object(PagesController), Array)
#5 C:\xampp\cakephp-2.1\lib\Cake\Routing\Dispatcher.php(103): Controller->invokeAction(Object(CakeRequest))
#6 C:\xampp\cakephp-2.1\lib\Cake\Routing\Dispatcher.php(85): Dispatcher->_invoke(Object(PagesController), Object(CakeRequest), Object(CakeResponse))
#7 D:\proyectos\webtis_panel\src\webroot\index.php(97): Dispatcher->dispatch(Object(CakeRequest), Object(CakeResponse))
#8 {main}
2012-09-26 04:31:04 Error: [MissingViewException] View file "D:\proyectos\webtis_panel\src\View\Pages\img\social\facebook_32.png.ctp" is missing.
#0 C:\xampp\cakephp-2.1\lib\Cake\View\View.php(460): View->_getViewFileName('img/social/face...')
#1 C:\xampp\cakephp-2.1\lib\Cake\Controller\Controller.php(959): View->render('img/social/face...', NULL)
#2 D:\proyectos\webtis_panel\src\Controller\PagesController.php(71): Controller->render('img/social/face...')
#3 [internal function]: PagesController->display('img', 'social', 'facebook_32.png')
#4 C:\xampp\cakephp-2.1\lib\Cake\Controller\Controller.php(485): ReflectionMethod->invokeArgs(Object(PagesController), Array)
#5 C:\xampp\cakephp-2.1\lib\Cake\Routing\Dispatcher.php(103): Controller->invokeAction(Object(CakeRequest))
#6 C:\xampp\cakephp-2.1\lib\Cake\Routing\Dispatcher.php(85): Dispatcher->_invoke(Object(PagesController), Object(CakeRequest), Object(CakeResponse))
#7 D:\proyectos\webtis_panel\src\webroot\index.php(97): Dispatcher->dispatch(Object(CakeRequest), Object(CakeResponse))
#8 {main}
2012-09-26 04:31:04 Error: [MissingViewException] View file "D:\proyectos\webtis_panel\src\View\Pages\img\icon_map.png.ctp" is missing.
#0 C:\xampp\cakephp-2.1\lib\Cake\View\View.php(460): View->_getViewFileName('img/icon_map.pn...')
#1 C:\xampp\cakephp-2.1\lib\Cake\Controller\Controller.php(959): View->render('img/icon_map.pn...', NULL)
#2 D:\proyectos\webtis_panel\src\Controller\PagesController.php(71): Controller->render('img/icon_map.pn...')
#3 [internal function]: PagesController->display('img', 'icon_map.png')
#4 C:\xampp\cakephp-2.1\lib\Cake\Controller\Controller.php(485): ReflectionMethod->invokeArgs(Object(PagesController), Array)
#5 C:\xampp\cakephp-2.1\lib\Cake\Routing\Dispatcher.php(103): Controller->invokeAction(Object(CakeRequest))
#6 C:\xampp\cakephp-2.1\lib\Cake\Routing\Dispatcher.php(85): Dispatcher->_invoke(Object(PagesController), Object(CakeRequest), Object(CakeResponse))
#7 D:\proyectos\webtis_panel\src\webroot\index.php(97): Dispatcher->dispatch(Object(CakeRequest), Object(CakeResponse))
#8 {main}
2012-09-26 04:31:04 Error: [MissingViewException] View file "D:\proyectos\webtis_panel\src\View\Pages\img\social\linkedin_32.png.ctp" is missing.
#0 C:\xampp\cakephp-2.1\lib\Cake\View\View.php(460): View->_getViewFileName('img/social/link...')
#1 C:\xampp\cakephp-2.1\lib\Cake\Controller\Controller.php(959): View->render('img/social/link...', NULL)
#2 D:\proyectos\webtis_panel\src\Controller\PagesController.php(71): Controller->render('img/social/link...')
#3 [internal function]: PagesController->display('img', 'social', 'linkedin_32.png')
#4 C:\xampp\cakephp-2.1\lib\Cake\Controller\Controller.php(485): ReflectionMethod->invokeArgs(Object(PagesController), Array)
#5 C:\xampp\cakephp-2.1\lib\Cake\Routing\Dispatcher.php(103): Controller->invokeAction(Object(CakeRequest))
#6 C:\xampp\cakephp-2.1\lib\Cake\Routing\Dispatcher.php(85): Dispatcher->_invoke(Object(PagesController), Object(CakeRequest), Object(CakeResponse))
#7 D:\proyectos\webtis_panel\src\webroot\index.php(97): Dispatcher->dispatch(Object(CakeRequest), Object(CakeResponse))
#8 {main}
2012-09-26 04:31:04 Error: [MissingViewException] View file "D:\proyectos\webtis_panel\src\View\Pages\img\social\twitter_32.png.ctp" is missing.
#0 C:\xampp\cakephp-2.1\lib\Cake\View\View.php(460): View->_getViewFileName('img/social/twit...')
#1 C:\xampp\cakephp-2.1\lib\Cake\Controller\Controller.php(959): View->render('img/social/twit...', NULL)
#2 D:\proyectos\webtis_panel\src\Controller\PagesController.php(71): Controller->render('img/social/twit...')
#3 [internal function]: PagesController->display('img', 'social', 'twitter_32.png')
#4 C:\xampp\cakephp-2.1\lib\Cake\Controller\Controller.php(485): ReflectionMethod->invokeArgs(Object(PagesController), Array)
#5 C:\xampp\cakephp-2.1\lib\Cake\Routing\Dispatcher.php(103): Controller->invokeAction(Object(CakeRequest))
#6 C:\xampp\cakephp-2.1\lib\Cake\Routing\Dispatcher.php(85): Dispatcher->_invoke(Object(PagesController), Object(CakeRequest), Object(CakeResponse))
#7 D:\proyectos\webtis_panel\src\webroot\index.php(97): Dispatcher->dispatch(Object(CakeRequest), Object(CakeResponse))
#8 {main}
2012-09-26 04:31:05 Error: [MissingViewException] View file "D:\proyectos\webtis_panel\src\View\Pages\img\social\facebook_32.png.ctp" is missing.
#0 C:\xampp\cakephp-2.1\lib\Cake\View\View.php(460): View->_getViewFileName('img/social/face...')
#1 C:\xampp\cakephp-2.1\lib\Cake\Controller\Controller.php(959): View->render('img/social/face...', NULL)
#2 D:\proyectos\webtis_panel\src\Controller\PagesController.php(71): Controller->render('img/social/face...')
#3 [internal function]: PagesController->display('img', 'social', 'facebook_32.png')
#4 C:\xampp\cakephp-2.1\lib\Cake\Controller\Controller.php(485): ReflectionMethod->invokeArgs(Object(PagesController), Array)
#5 C:\xampp\cakephp-2.1\lib\Cake\Routing\Dispatcher.php(103): Controller->invokeAction(Object(CakeRequest))
#6 C:\xampp\cakephp-2.1\lib\Cake\Routing\Dispatcher.php(85): Dispatcher->_invoke(Object(PagesController), Object(CakeRequest), Object(CakeResponse))
#7 D:\proyectos\webtis_panel\src\webroot\index.php(97): Dispatcher->dispatch(Object(CakeRequest), Object(CakeResponse))
#8 {main}
2012-09-26 04:34:05 Error: [MissingViewException] View file "D:\proyectos\webtis_panel\src\View\Pages\img\social\twitter_32.png.ctp" is missing.
#0 C:\xampp\cakephp-2.1\lib\Cake\View\View.php(460): View->_getViewFileName('img/social/twit...')
#1 C:\xampp\cakephp-2.1\lib\Cake\Controller\Controller.php(959): View->render('img/social/twit...', NULL)
#2 D:\proyectos\webtis_panel\src\Controller\PagesController.php(71): Controller->render('img/social/twit...')
#3 [internal function]: PagesController->display('img', 'social', 'twitter_32.png')
#4 C:\xampp\cakephp-2.1\lib\Cake\Controller\Controller.php(485): ReflectionMethod->invokeArgs(Object(PagesController), Array)
#5 C:\xampp\cakephp-2.1\lib\Cake\Routing\Dispatcher.php(103): Controller->invokeAction(Object(CakeRequest))
#6 C:\xampp\cakephp-2.1\lib\Cake\Routing\Dispatcher.php(85): Dispatcher->_invoke(Object(PagesController), Object(CakeRequest), Object(CakeResponse))
#7 D:\proyectos\webtis_panel\src\webroot\index.php(97): Dispatcher->dispatch(Object(CakeRequest), Object(CakeResponse))
#8 {main}
2012-09-26 04:34:05 Error: [MissingViewException] View file "D:\proyectos\webtis_panel\src\View\Pages\img\social\facebook_32.png.ctp" is missing.
#0 C:\xampp\cakephp-2.1\lib\Cake\View\View.php(460): View->_getViewFileName('img/social/face...')
#1 C:\xampp\cakephp-2.1\lib\Cake\Controller\Controller.php(959): View->render('img/social/face...', NULL)
#2 D:\proyectos\webtis_panel\src\Controller\PagesController.php(71): Controller->render('img/social/face...')
#3 [internal function]: PagesController->display('img', 'social', 'facebook_32.png')
#4 C:\xampp\cakephp-2.1\lib\Cake\Controller\Controller.php(485): ReflectionMethod->invokeArgs(Object(PagesController), Array)
#5 C:\xampp\cakephp-2.1\lib\Cake\Routing\Dispatcher.php(103): Controller->invokeAction(Object(CakeRequest))
#6 C:\xampp\cakephp-2.1\lib\Cake\Routing\Dispatcher.php(85): Dispatcher->_invoke(Object(PagesController), Object(CakeRequest), Object(CakeResponse))
#7 D:\proyectos\webtis_panel\src\webroot\index.php(97): Dispatcher->dispatch(Object(CakeRequest), Object(CakeResponse))
#8 {main}
2012-09-26 04:34:05 Error: [MissingViewException] View file "D:\proyectos\webtis_panel\src\View\Pages\img\icon_map.png.ctp" is missing.
#0 C:\xampp\cakephp-2.1\lib\Cake\View\View.php(460): View->_getViewFileName('img/icon_map.pn...')
#1 C:\xampp\cakephp-2.1\lib\Cake\Controller\Controller.php(959): View->render('img/icon_map.pn...', NULL)
#2 D:\proyectos\webtis_panel\src\Controller\PagesController.php(71): Controller->render('img/icon_map.pn...')
#3 [internal function]: PagesController->display('img', 'icon_map.png')
#4 C:\xampp\cakephp-2.1\lib\Cake\Controller\Controller.php(485): ReflectionMethod->invokeArgs(Object(PagesController), Array)
#5 C:\xampp\cakephp-2.1\lib\Cake\Routing\Dispatcher.php(103): Controller->invokeAction(Object(CakeRequest))
#6 C:\xampp\cakephp-2.1\lib\Cake\Routing\Dispatcher.php(85): Dispatcher->_invoke(Object(PagesController), Object(CakeRequest), Object(CakeResponse))
#7 D:\proyectos\webtis_panel\src\webroot\index.php(97): Dispatcher->dispatch(Object(CakeRequest), Object(CakeResponse))
#8 {main}
2012-09-26 04:34:05 Error: [MissingViewException] View file "D:\proyectos\webtis_panel\src\View\Pages\img\social\linkedin_32.png.ctp" is missing.
#0 C:\xampp\cakephp-2.1\lib\Cake\View\View.php(460): View->_getViewFileName('img/social/link...')
#1 C:\xampp\cakephp-2.1\lib\Cake\Controller\Controller.php(959): View->render('img/social/link...', NULL)
#2 D:\proyectos\webtis_panel\src\Controller\PagesController.php(71): Controller->render('img/social/link...')
#3 [internal function]: PagesController->display('img', 'social', 'linkedin_32.png')
#4 C:\xampp\cakephp-2.1\lib\Cake\Controller\Controller.php(485): ReflectionMethod->invokeArgs(Object(PagesController), Array)
#5 C:\xampp\cakephp-2.1\lib\Cake\Routing\Dispatcher.php(103): Controller->invokeAction(Object(CakeRequest))
#6 C:\xampp\cakephp-2.1\lib\Cake\Routing\Dispatcher.php(85): Dispatcher->_invoke(Object(PagesController), Object(CakeRequest), Object(CakeResponse))
#7 D:\proyectos\webtis_panel\src\webroot\index.php(97): Dispatcher->dispatch(Object(CakeRequest), Object(CakeResponse))
#8 {main}
2012-09-26 04:34:08 Error: [MissingViewException] View file "D:\proyectos\webtis_panel\src\View\Pages\img\icon_map.png.ctp" is missing.
#0 C:\xampp\cakephp-2.1\lib\Cake\View\View.php(460): View->_getViewFileName('img/icon_map.pn...')
#1 C:\xampp\cakephp-2.1\lib\Cake\Controller\Controller.php(959): View->render('img/icon_map.pn...', NULL)
#2 D:\proyectos\webtis_panel\src\Controller\PagesController.php(71): Controller->render('img/icon_map.pn...')
#3 [internal function]: PagesController->display('img', 'icon_map.png')
#4 C:\xampp\cakephp-2.1\lib\Cake\Controller\Controller.php(485): ReflectionMethod->invokeArgs(Object(PagesController), Array)
#5 C:\xampp\cakephp-2.1\lib\Cake\Routing\Dispatcher.php(103): Controller->invokeAction(Object(CakeRequest))
#6 C:\xampp\cakephp-2.1\lib\Cake\Routing\Dispatcher.php(85): Dispatcher->_invoke(Object(PagesController), Object(CakeRequest), Object(CakeResponse))
#7 D:\proyectos\webtis_panel\src\webroot\index.php(97): Dispatcher->dispatch(Object(CakeRequest), Object(CakeResponse))
#8 {main}
2012-09-26 04:34:08 Error: [MissingViewException] View file "D:\proyectos\webtis_panel\src\View\Pages\img\social\linkedin_32.png.ctp" is missing.
#0 C:\xampp\cakephp-2.1\lib\Cake\View\View.php(460): View->_getViewFileName('img/social/link...')
#1 C:\xampp\cakephp-2.1\lib\Cake\Controller\Controller.php(959): View->render('img/social/link...', NULL)
#2 D:\proyectos\webtis_panel\src\Controller\PagesController.php(71): Controller->render('img/social/link...')
#3 [internal function]: PagesController->display('img', 'social', 'linkedin_32.png')
#4 C:\xampp\cakephp-2.1\lib\Cake\Controller\Controller.php(485): ReflectionMethod->invokeArgs(Object(PagesController), Array)
#5 C:\xampp\cakephp-2.1\lib\Cake\Routing\Dispatcher.php(103): Controller->invokeAction(Object(CakeRequest))
#6 C:\xampp\cakephp-2.1\lib\Cake\Routing\Dispatcher.php(85): Dispatcher->_invoke(Object(PagesController), Object(CakeRequest), Object(CakeResponse))
#7 D:\proyectos\webtis_panel\src\webroot\index.php(97): Dispatcher->dispatch(Object(CakeRequest), Object(CakeResponse))
#8 {main}
2012-09-26 04:34:08 Error: [MissingViewException] View file "D:\proyectos\webtis_panel\src\View\Pages\img\social\facebook_32.png.ctp" is missing.
#0 C:\xampp\cakephp-2.1\lib\Cake\View\View.php(460): View->_getViewFileName('img/social/face...')
#1 C:\xampp\cakephp-2.1\lib\Cake\Controller\Controller.php(959): View->render('img/social/face...', NULL)
#2 D:\proyectos\webtis_panel\src\Controller\PagesController.php(71): Controller->render('img/social/face...')
#3 [internal function]: PagesController->display('img', 'social', 'facebook_32.png')
#4 C:\xampp\cakephp-2.1\lib\Cake\Controller\Controller.php(485): ReflectionMethod->invokeArgs(Object(PagesController), Array)
#5 C:\xampp\cakephp-2.1\lib\Cake\Routing\Dispatcher.php(103): Controller->invokeAction(Object(CakeRequest))
#6 C:\xampp\cakephp-2.1\lib\Cake\Routing\Dispatcher.php(85): Dispatcher->_invoke(Object(PagesController), Object(CakeRequest), Object(CakeResponse))
#7 D:\proyectos\webtis_panel\src\webroot\index.php(97): Dispatcher->dispatch(Object(CakeRequest), Object(CakeResponse))
#8 {main}
2012-09-26 04:34:08 Error: [MissingViewException] View file "D:\proyectos\webtis_panel\src\View\Pages\img\social\twitter_32.png.ctp" is missing.
#0 C:\xampp\cakephp-2.1\lib\Cake\View\View.php(460): View->_getViewFileName('img/social/twit...')
#1 C:\xampp\cakephp-2.1\lib\Cake\Controller\Controller.php(959): View->render('img/social/twit...', NULL)
#2 D:\proyectos\webtis_panel\src\Controller\PagesController.php(71): Controller->render('img/social/twit...')
#3 [internal function]: PagesController->display('img', 'social', 'twitter_32.png')
#4 C:\xampp\cakephp-2.1\lib\Cake\Controller\Controller.php(485): ReflectionMethod->invokeArgs(Object(PagesController), Array)
#5 C:\xampp\cakephp-2.1\lib\Cake\Routing\Dispatcher.php(103): Controller->invokeAction(Object(CakeRequest))
#6 C:\xampp\cakephp-2.1\lib\Cake\Routing\Dispatcher.php(85): Dispatcher->_invoke(Object(PagesController), Object(CakeRequest), Object(CakeResponse))
#7 D:\proyectos\webtis_panel\src\webroot\index.php(97): Dispatcher->dispatch(Object(CakeRequest), Object(CakeResponse))
#8 {main}
2012-09-26 04:43:30 Error: [MissingViewException] View file "D:\proyectos\webtis_panel\src\View\Pages\img\social\twitter_32.png.ctp" is missing.
#0 C:\xampp\cakephp-2.1\lib\Cake\View\View.php(460): View->_getViewFileName('img/social/twit...')
#1 C:\xampp\cakephp-2.1\lib\Cake\Controller\Controller.php(959): View->render('img/social/twit...', NULL)
#2 D:\proyectos\webtis_panel\src\Controller\PagesController.php(71): Controller->render('img/social/twit...')
#3 [internal function]: PagesController->display('img', 'social', 'twitter_32.png')
#4 C:\xampp\cakephp-2.1\lib\Cake\Controller\Controller.php(485): ReflectionMethod->invokeArgs(Object(PagesController), Array)
#5 C:\xampp\cakephp-2.1\lib\Cake\Routing\Dispatcher.php(103): Controller->invokeAction(Object(CakeRequest))
#6 C:\xampp\cakephp-2.1\lib\Cake\Routing\Dispatcher.php(85): Dispatcher->_invoke(Object(PagesController), Object(CakeRequest), Object(CakeResponse))
#7 D:\proyectos\webtis_panel\src\webroot\index.php(97): Dispatcher->dispatch(Object(CakeRequest), Object(CakeResponse))
#8 {main}
2012-09-26 04:43:30 Error: [MissingViewException] View file "D:\proyectos\webtis_panel\src\View\Pages\img\social\facebook_32.png.ctp" is missing.
#0 C:\xampp\cakephp-2.1\lib\Cake\View\View.php(460): View->_getViewFileName('img/social/face...')
#1 C:\xampp\cakephp-2.1\lib\Cake\Controller\Controller.php(959): View->render('img/social/face...', NULL)
#2 D:\proyectos\webtis_panel\src\Controller\PagesController.php(71): Controller->render('img/social/face...')
#3 [internal function]: PagesController->display('img', 'social', 'facebook_32.png')
#4 C:\xampp\cakephp-2.1\lib\Cake\Controller\Controller.php(485): ReflectionMethod->invokeArgs(Object(PagesController), Array)
#5 C:\xampp\cakephp-2.1\lib\Cake\Routing\Dispatcher.php(103): Controller->invokeAction(Object(CakeRequest))
#6 C:\xampp\cakephp-2.1\lib\Cake\Routing\Dispatcher.php(85): Dispatcher->_invoke(Object(PagesController), Object(CakeRequest), Object(CakeResponse))
#7 D:\proyectos\webtis_panel\src\webroot\index.php(97): Dispatcher->dispatch(Object(CakeRequest), Object(CakeResponse))
#8 {main}
2012-09-26 04:43:31 Error: [MissingViewException] View file "D:\proyectos\webtis_panel\src\View\Pages\img\social\linkedin_32.png.ctp" is missing.
#0 C:\xampp\cakephp-2.1\lib\Cake\View\View.php(460): View->_getViewFileName('img/social/link...')
#1 C:\xampp\cakephp-2.1\lib\Cake\Controller\Controller.php(959): View->render('img/social/link...', NULL)
#2 D:\proyectos\webtis_panel\src\Controller\PagesController.php(71): Controller->render('img/social/link...')
#3 [internal function]: PagesController->display('img', 'social', 'linkedin_32.png')
#4 C:\xampp\cakephp-2.1\lib\Cake\Controller\Controller.php(485): ReflectionMethod->invokeArgs(Object(PagesController), Array)
#5 C:\xampp\cakephp-2.1\lib\Cake\Routing\Dispatcher.php(103): Controller->invokeAction(Object(CakeRequest))
#6 C:\xampp\cakephp-2.1\lib\Cake\Routing\Dispatcher.php(85): Dispatcher->_invoke(Object(PagesController), Object(CakeRequest), Object(CakeResponse))
#7 D:\proyectos\webtis_panel\src\webroot\index.php(97): Dispatcher->dispatch(Object(CakeRequest), Object(CakeResponse))
#8 {main}
2012-09-26 04:43:31 Error: [MissingViewException] View file "D:\proyectos\webtis_panel\src\View\Pages\img\icon_map.png.ctp" is missing.
#0 C:\xampp\cakephp-2.1\lib\Cake\View\View.php(460): View->_getViewFileName('img/icon_map.pn...')
#1 C:\xampp\cakephp-2.1\lib\Cake\Controller\Controller.php(959): View->render('img/icon_map.pn...', NULL)
#2 D:\proyectos\webtis_panel\src\Controller\PagesController.php(71): Controller->render('img/icon_map.pn...')
#3 [internal function]: PagesController->display('img', 'icon_map.png')
#4 C:\xampp\cakephp-2.1\lib\Cake\Controller\Controller.php(485): ReflectionMethod->invokeArgs(Object(PagesController), Array)
#5 C:\xampp\cakephp-2.1\lib\Cake\Routing\Dispatcher.php(103): Controller->invokeAction(Object(CakeRequest))
#6 C:\xampp\cakephp-2.1\lib\Cake\Routing\Dispatcher.php(85): Dispatcher->_invoke(Object(PagesController), Object(CakeRequest), Object(CakeResponse))
#7 D:\proyectos\webtis_panel\src\webroot\index.php(97): Dispatcher->dispatch(Object(CakeRequest), Object(CakeResponse))
#8 {main}
2012-09-26 04:44:05 Error: [MissingViewException] View file "D:\proyectos\webtis_panel\src\View\Pages\img\social\facebook_32.png.ctp" is missing.
#0 C:\xampp\cakephp-2.1\lib\Cake\View\View.php(460): View->_getViewFileName('img/social/face...')
#1 C:\xampp\cakephp-2.1\lib\Cake\Controller\Controller.php(959): View->render('img/social/face...', NULL)
#2 D:\proyectos\webtis_panel\src\Controller\PagesController.php(71): Controller->render('img/social/face...')
#3 [internal function]: PagesController->display('img', 'social', 'facebook_32.png')
#4 C:\xampp\cakephp-2.1\lib\Cake\Controller\Controller.php(485): ReflectionMethod->invokeArgs(Object(PagesController), Array)
#5 C:\xampp\cakephp-2.1\lib\Cake\Routing\Dispatcher.php(103): Controller->invokeAction(Object(CakeRequest))
#6 C:\xampp\cakephp-2.1\lib\Cake\Routing\Dispatcher.php(85): Dispatcher->_invoke(Object(PagesController), Object(CakeRequest), Object(CakeResponse))
#7 D:\proyectos\webtis_panel\src\webroot\index.php(97): Dispatcher->dispatch(Object(CakeRequest), Object(CakeResponse))
#8 {main}
2012-09-26 04:44:05 Error: [MissingViewException] View file "D:\proyectos\webtis_panel\src\View\Pages\img\social\linkedin_32.png.ctp" is missing.
#0 C:\xampp\cakephp-2.1\lib\Cake\View\View.php(460): View->_getViewFileName('img/social/link...')
#1 C:\xampp\cakephp-2.1\lib\Cake\Controller\Controller.php(959): View->render('img/social/link...', NULL)
#2 D:\proyectos\webtis_panel\src\Controller\PagesController.php(71): Controller->render('img/social/link...')
#3 [internal function]: PagesController->display('img', 'social', 'linkedin_32.png')
#4 C:\xampp\cakephp-2.1\lib\Cake\Controller\Controller.php(485): ReflectionMethod->invokeArgs(Object(PagesController), Array)
#5 C:\xampp\cakephp-2.1\lib\Cake\Routing\Dispatcher.php(103): Controller->invokeAction(Object(CakeRequest))
#6 C:\xampp\cakephp-2.1\lib\Cake\Routing\Dispatcher.php(85): Dispatcher->_invoke(Object(PagesController), Object(CakeRequest), Object(CakeResponse))
#7 D:\proyectos\webtis_panel\src\webroot\index.php(97): Dispatcher->dispatch(Object(CakeRequest), Object(CakeResponse))
#8 {main}
2012-09-26 04:44:05 Error: [MissingViewException] View file "D:\proyectos\webtis_panel\src\View\Pages\img\social\twitter_32.png.ctp" is missing.
#0 C:\xampp\cakephp-2.1\lib\Cake\View\View.php(460): View->_getViewFileName('img/social/twit...')
#1 C:\xampp\cakephp-2.1\lib\Cake\Controller\Controller.php(959): View->render('img/social/twit...', NULL)
#2 D:\proyectos\webtis_panel\src\Controller\PagesController.php(71): Controller->render('img/social/twit...')
#3 [internal function]: PagesController->display('img', 'social', 'twitter_32.png')
#4 C:\xampp\cakephp-2.1\lib\Cake\Controller\Controller.php(485): ReflectionMethod->invokeArgs(Object(PagesController), Array)
#5 C:\xampp\cakephp-2.1\lib\Cake\Routing\Dispatcher.php(103): Controller->invokeAction(Object(CakeRequest))
#6 C:\xampp\cakephp-2.1\lib\Cake\Routing\Dispatcher.php(85): Dispatcher->_invoke(Object(PagesController), Object(CakeRequest), Object(CakeResponse))
#7 D:\proyectos\webtis_panel\src\webroot\index.php(97): Dispatcher->dispatch(Object(CakeRequest), Object(CakeResponse))
#8 {main}
2012-09-26 04:44:06 Error: [MissingViewException] View file "D:\proyectos\webtis_panel\src\View\Pages\img\icon_map.png.ctp" is missing.
#0 C:\xampp\cakephp-2.1\lib\Cake\View\View.php(460): View->_getViewFileName('img/icon_map.pn...')
#1 C:\xampp\cakephp-2.1\lib\Cake\Controller\Controller.php(959): View->render('img/icon_map.pn...', NULL)
#2 D:\proyectos\webtis_panel\src\Controller\PagesController.php(71): Controller->render('img/icon_map.pn...')
#3 [internal function]: PagesController->display('img', 'icon_map.png')
#4 C:\xampp\cakephp-2.1\lib\Cake\Controller\Controller.php(485): ReflectionMethod->invokeArgs(Object(PagesController), Array)
#5 C:\xampp\cakephp-2.1\lib\Cake\Routing\Dispatcher.php(103): Controller->invokeAction(Object(CakeRequest))
#6 C:\xampp\cakephp-2.1\lib\Cake\Routing\Dispatcher.php(85): Dispatcher->_invoke(Object(PagesController), Object(CakeRequest), Object(CakeResponse))
#7 D:\proyectos\webtis_panel\src\webroot\index.php(97): Dispatcher->dispatch(Object(CakeRequest), Object(CakeResponse))
#8 {main}
2012-09-26 04:44:32 Error: [MissingViewException] View file "D:\proyectos\webtis_panel\src\View\Pages\img\social\twitter_32.png.ctp" is missing.
#0 C:\xampp\cakephp-2.1\lib\Cake\View\View.php(460): View->_getViewFileName('img/social/twit...')
#1 C:\xampp\cakephp-2.1\lib\Cake\Controller\Controller.php(959): View->render('img/social/twit...', NULL)
#2 D:\proyectos\webtis_panel\src\Controller\PagesController.php(71): Controller->render('img/social/twit...')
#3 [internal function]: PagesController->display('img', 'social', 'twitter_32.png')
#4 C:\xampp\cakephp-2.1\lib\Cake\Controller\Controller.php(485): ReflectionMethod->invokeArgs(Object(PagesController), Array)
#5 C:\xampp\cakephp-2.1\lib\Cake\Routing\Dispatcher.php(103): Controller->invokeAction(Object(CakeRequest))
#6 C:\xampp\cakephp-2.1\lib\Cake\Routing\Dispatcher.php(85): Dispatcher->_invoke(Object(PagesController), Object(CakeRequest), Object(CakeResponse))
#7 D:\proyectos\webtis_panel\src\webroot\index.php(97): Dispatcher->dispatch(Object(CakeRequest), Object(CakeResponse))
#8 {main}
2012-09-26 04:44:32 Error: [MissingViewException] View file "D:\proyectos\webtis_panel\src\View\Pages\img\social\linkedin_32.png.ctp" is missing.
#0 C:\xampp\cakephp-2.1\lib\Cake\View\View.php(460): View->_getViewFileName('img/social/link...')
#1 C:\xampp\cakephp-2.1\lib\Cake\Controller\Controller.php(959): View->render('img/social/link...', NULL)
#2 D:\proyectos\webtis_panel\src\Controller\PagesController.php(71): Controller->render('img/social/link...')
#3 [internal function]: PagesController->display('img', 'social', 'linkedin_32.png')
#4 C:\xampp\cakephp-2.1\lib\Cake\Controller\Controller.php(485): ReflectionMethod->invokeArgs(Object(PagesController), Array)
#5 C:\xampp\cakephp-2.1\lib\Cake\Routing\Dispatcher.php(103): Controller->invokeAction(Object(CakeRequest))
#6 C:\xampp\cakephp-2.1\lib\Cake\Routing\Dispatcher.php(85): Dispatcher->_invoke(Object(PagesController), Object(CakeRequest), Object(CakeResponse))
#7 D:\proyectos\webtis_panel\src\webroot\index.php(97): Dispatcher->dispatch(Object(CakeRequest), Object(CakeResponse))
#8 {main}
2012-09-26 04:44:32 Error: [MissingViewException] View file "D:\proyectos\webtis_panel\src\View\Pages\img\icon_map.png.ctp" is missing.
#0 C:\xampp\cakephp-2.1\lib\Cake\View\View.php(460): View->_getViewFileName('img/icon_map.pn...')
#1 C:\xampp\cakephp-2.1\lib\Cake\Controller\Controller.php(959): View->render('img/icon_map.pn...', NULL)
#2 D:\proyectos\webtis_panel\src\Controller\PagesController.php(71): Controller->render('img/icon_map.pn...')
#3 [internal function]: PagesController->display('img', 'icon_map.png')
#4 C:\xampp\cakephp-2.1\lib\Cake\Controller\Controller.php(485): ReflectionMethod->invokeArgs(Object(PagesController), Array)
#5 C:\xampp\cakephp-2.1\lib\Cake\Routing\Dispatcher.php(103): Controller->invokeAction(Object(CakeRequest))
#6 C:\xampp\cakephp-2.1\lib\Cake\Routing\Dispatcher.php(85): Dispatcher->_invoke(Object(PagesController), Object(CakeRequest), Object(CakeResponse))
#7 D:\proyectos\webtis_panel\src\webroot\index.php(97): Dispatcher->dispatch(Object(CakeRequest), Object(CakeResponse))
#8 {main}
2012-09-26 04:44:32 Error: [MissingViewException] View file "D:\proyectos\webtis_panel\src\View\Pages\img\social\facebook_32.png.ctp" is missing.
#0 C:\xampp\cakephp-2.1\lib\Cake\View\View.php(460): View->_getViewFileName('img/social/face...')
#1 C:\xampp\cakephp-2.1\lib\Cake\Controller\Controller.php(959): View->render('img/social/face...', NULL)
#2 D:\proyectos\webtis_panel\src\Controller\PagesController.php(71): Controller->render('img/social/face...')
#3 [internal function]: PagesController->display('img', 'social', 'facebook_32.png')
#4 C:\xampp\cakephp-2.1\lib\Cake\Controller\Controller.php(485): ReflectionMethod->invokeArgs(Object(PagesController), Array)
#5 C:\xampp\cakephp-2.1\lib\Cake\Routing\Dispatcher.php(103): Controller->invokeAction(Object(CakeRequest))
#6 C:\xampp\cakephp-2.1\lib\Cake\Routing\Dispatcher.php(85): Dispatcher->_invoke(Object(PagesController), Object(CakeRequest), Object(CakeResponse))
#7 D:\proyectos\webtis_panel\src\webroot\index.php(97): Dispatcher->dispatch(Object(CakeRequest), Object(CakeResponse))
#8 {main}
2012-09-26 04:46:39 Error: [MissingViewException] View file "D:\proyectos\webtis_panel\src\View\Pages\img\social\linkedin_32.png.ctp" is missing.
#0 C:\xampp\cakephp-2.1\lib\Cake\View\View.php(460): View->_getViewFileName('img/social/link...')
#1 C:\xampp\cakephp-2.1\lib\Cake\Controller\Controller.php(959): View->render('img/social/link...', NULL)
#2 D:\proyectos\webtis_panel\src\Controller\PagesController.php(71): Controller->render('img/social/link...')
#3 [internal function]: PagesController->display('img', 'social', 'linkedin_32.png')
#4 C:\xampp\cakephp-2.1\lib\Cake\Controller\Controller.php(485): ReflectionMethod->invokeArgs(Object(PagesController), Array)
#5 C:\xampp\cakephp-2.1\lib\Cake\Routing\Dispatcher.php(103): Controller->invokeAction(Object(CakeRequest))
#6 C:\xampp\cakephp-2.1\lib\Cake\Routing\Dispatcher.php(85): Dispatcher->_invoke(Object(PagesController), Object(CakeRequest), Object(CakeResponse))
#7 D:\proyectos\webtis_panel\src\webroot\index.php(97): Dispatcher->dispatch(Object(CakeRequest), Object(CakeResponse))
#8 {main}
2012-09-26 04:46:39 Error: [MissingViewException] View file "D:\proyectos\webtis_panel\src\View\Pages\img\social\twitter_32.png.ctp" is missing.
#0 C:\xampp\cakephp-2.1\lib\Cake\View\View.php(460): View->_getViewFileName('img/social/twit...')
#1 C:\xampp\cakephp-2.1\lib\Cake\Controller\Controller.php(959): View->render('img/social/twit...', NULL)
#2 D:\proyectos\webtis_panel\src\Controller\PagesController.php(71): Controller->render('img/social/twit...')
#3 [internal function]: PagesController->display('img', 'social', 'twitter_32.png')
#4 C:\xampp\cakephp-2.1\lib\Cake\Controller\Controller.php(485): ReflectionMethod->invokeArgs(Object(PagesController), Array)
#5 C:\xampp\cakephp-2.1\lib\Cake\Routing\Dispatcher.php(103): Controller->invokeAction(Object(CakeRequest))
#6 C:\xampp\cakephp-2.1\lib\Cake\Routing\Dispatcher.php(85): Dispatcher->_invoke(Object(PagesController), Object(CakeRequest), Object(CakeResponse))
#7 D:\proyectos\webtis_panel\src\webroot\index.php(97): Dispatcher->dispatch(Object(CakeRequest), Object(CakeResponse))
#8 {main}
2012-09-26 04:46:39 Error: [MissingViewException] View file "D:\proyectos\webtis_panel\src\View\Pages\img\icon_map.png.ctp" is missing.
#0 C:\xampp\cakephp-2.1\lib\Cake\View\View.php(460): View->_getViewFileName('img/icon_map.pn...')
#1 C:\xampp\cakephp-2.1\lib\Cake\Controller\Controller.php(959): View->render('img/icon_map.pn...', NULL)
#2 D:\proyectos\webtis_panel\src\Controller\PagesController.php(71): Controller->render('img/icon_map.pn...')
#3 [internal function]: PagesController->display('img', 'icon_map.png')
#4 C:\xampp\cakephp-2.1\lib\Cake\Controller\Controller.php(485): ReflectionMethod->invokeArgs(Object(PagesController), Array)
#5 C:\xampp\cakephp-2.1\lib\Cake\Routing\Dispatcher.php(103): Controller->invokeAction(Object(CakeRequest))
#6 C:\xampp\cakephp-2.1\lib\Cake\Routing\Dispatcher.php(85): Dispatcher->_invoke(Object(PagesController), Object(CakeRequest), Object(CakeResponse))
#7 D:\proyectos\webtis_panel\src\webroot\index.php(97): Dispatcher->dispatch(Object(CakeRequest), Object(CakeResponse))
#8 {main}
2012-09-26 04:46:39 Error: [MissingViewException] View file "D:\proyectos\webtis_panel\src\View\Pages\img\social\facebook_32.png.ctp" is missing.
#0 C:\xampp\cakephp-2.1\lib\Cake\View\View.php(460): View->_getViewFileName('img/social/face...')
#1 C:\xampp\cakephp-2.1\lib\Cake\Controller\Controller.php(959): View->render('img/social/face...', NULL)
#2 D:\proyectos\webtis_panel\src\Controller\PagesController.php(71): Controller->render('img/social/face...')
#3 [internal function]: PagesController->display('img', 'social', 'facebook_32.png')
#4 C:\xampp\cakephp-2.1\lib\Cake\Controller\Controller.php(485): ReflectionMethod->invokeArgs(Object(PagesController), Array)
#5 C:\xampp\cakephp-2.1\lib\Cake\Routing\Dispatcher.php(103): Controller->invokeAction(Object(CakeRequest))
#6 C:\xampp\cakephp-2.1\lib\Cake\Routing\Dispatcher.php(85): Dispatcher->_invoke(Object(PagesController), Object(CakeRequest), Object(CakeResponse))
#7 D:\proyectos\webtis_panel\src\webroot\index.php(97): Dispatcher->dispatch(Object(CakeRequest), Object(CakeResponse))
#8 {main}
2012-09-26 04:46:59 Error: [MissingViewException] View file "D:\proyectos\webtis_panel\src\View\Pages\img\social\twitter_32.png.ctp" is missing.
#0 C:\xampp\cakephp-2.1\lib\Cake\View\View.php(460): View->_getViewFileName('img/social/twit...')
#1 C:\xampp\cakephp-2.1\lib\Cake\Controller\Controller.php(959): View->render('img/social/twit...', NULL)
#2 D:\proyectos\webtis_panel\src\Controller\PagesController.php(71): Controller->render('img/social/twit...')
#3 [internal function]: PagesController->display('img', 'social', 'twitter_32.png')
#4 C:\xampp\cakephp-2.1\lib\Cake\Controller\Controller.php(485): ReflectionMethod->invokeArgs(Object(PagesController), Array)
#5 C:\xampp\cakephp-2.1\lib\Cake\Routing\Dispatcher.php(103): Controller->invokeAction(Object(CakeRequest))
#6 C:\xampp\cakephp-2.1\lib\Cake\Routing\Dispatcher.php(85): Dispatcher->_invoke(Object(PagesController), Object(CakeRequest), Object(CakeResponse))
#7 D:\proyectos\webtis_panel\src\webroot\index.php(97): Dispatcher->dispatch(Object(CakeRequest), Object(CakeResponse))
#8 {main}
2012-09-26 04:46:59 Error: [MissingViewException] View file "D:\proyectos\webtis_panel\src\View\Pages\img\icon_map.png.ctp" is missing.
#0 C:\xampp\cakephp-2.1\lib\Cake\View\View.php(460): View->_getViewFileName('img/icon_map.pn...')
#1 C:\xampp\cakephp-2.1\lib\Cake\Controller\Controller.php(959): View->render('img/icon_map.pn...', NULL)
#2 D:\proyectos\webtis_panel\src\Controller\PagesController.php(71): Controller->render('img/icon_map.pn...')
#3 [internal function]: PagesController->display('img', 'icon_map.png')
#4 C:\xampp\cakephp-2.1\lib\Cake\Controller\Controller.php(485): ReflectionMethod->invokeArgs(Object(PagesController), Array)
#5 C:\xampp\cakephp-2.1\lib\Cake\Routing\Dispatcher.php(103): Controller->invokeAction(Object(CakeRequest))
#6 C:\xampp\cakephp-2.1\lib\Cake\Routing\Dispatcher.php(85): Dispatcher->_invoke(Object(PagesController), Object(CakeRequest), Object(CakeResponse))
#7 D:\proyectos\webtis_panel\src\webroot\index.php(97): Dispatcher->dispatch(Object(CakeRequest), Object(CakeResponse))
#8 {main}
2012-09-26 04:47:00 Error: [MissingViewException] View file "D:\proyectos\webtis_panel\src\View\Pages\img\social\linkedin_32.png.ctp" is missing.
#0 C:\xampp\cakephp-2.1\lib\Cake\View\View.php(460): View->_getViewFileName('img/social/link...')
#1 C:\xampp\cakephp-2.1\lib\Cake\Controller\Controller.php(959): View->render('img/social/link...', NULL)
#2 D:\proyectos\webtis_panel\src\Controller\PagesController.php(71): Controller->render('img/social/link...')
#3 [internal function]: PagesController->display('img', 'social', 'linkedin_32.png')
#4 C:\xampp\cakephp-2.1\lib\Cake\Controller\Controller.php(485): ReflectionMethod->invokeArgs(Object(PagesController), Array)
#5 C:\xampp\cakephp-2.1\lib\Cake\Routing\Dispatcher.php(103): Controller->invokeAction(Object(CakeRequest))
#6 C:\xampp\cakephp-2.1\lib\Cake\Routing\Dispatcher.php(85): Dispatcher->_invoke(Object(PagesController), Object(CakeRequest), Object(CakeResponse))
#7 D:\proyectos\webtis_panel\src\webroot\index.php(97): Dispatcher->dispatch(Object(CakeRequest), Object(CakeResponse))
#8 {main}
2012-09-26 04:47:00 Error: [MissingViewException] View file "D:\proyectos\webtis_panel\src\View\Pages\img\social\facebook_32.png.ctp" is missing.
#0 C:\xampp\cakephp-2.1\lib\Cake\View\View.php(460): View->_getViewFileName('img/social/face...')
#1 C:\xampp\cakephp-2.1\lib\Cake\Controller\Controller.php(959): View->render('img/social/face...', NULL)
#2 D:\proyectos\webtis_panel\src\Controller\PagesController.php(71): Controller->render('img/social/face...')
#3 [internal function]: PagesController->display('img', 'social', 'facebook_32.png')
#4 C:\xampp\cakephp-2.1\lib\Cake\Controller\Controller.php(485): ReflectionMethod->invokeArgs(Object(PagesController), Array)
#5 C:\xampp\cakephp-2.1\lib\Cake\Routing\Dispatcher.php(103): Controller->invokeAction(Object(CakeRequest))
#6 C:\xampp\cakephp-2.1\lib\Cake\Routing\Dispatcher.php(85): Dispatcher->_invoke(Object(PagesController), Object(CakeRequest), Object(CakeResponse))
#7 D:\proyectos\webtis_panel\src\webroot\index.php(97): Dispatcher->dispatch(Object(CakeRequest), Object(CakeResponse))
#8 {main}
2012-09-26 04:49:56 Error: [MissingViewException] View file "D:\proyectos\webtis_panel\src\View\Pages\img\icon_map.png.ctp" is missing.
#0 C:\xampp\cakephp-2.1\lib\Cake\View\View.php(460): View->_getViewFileName('img/icon_map.pn...')
#1 C:\xampp\cakephp-2.1\lib\Cake\Controller\Controller.php(959): View->render('img/icon_map.pn...', NULL)
#2 D:\proyectos\webtis_panel\src\Controller\PagesController.php(71): Controller->render('img/icon_map.pn...')
#3 [internal function]: PagesController->display('img', 'icon_map.png')
#4 C:\xampp\cakephp-2.1\lib\Cake\Controller\Controller.php(485): ReflectionMethod->invokeArgs(Object(PagesController), Array)
#5 C:\xampp\cakephp-2.1\lib\Cake\Routing\Dispatcher.php(103): Controller->invokeAction(Object(CakeRequest))
#6 C:\xampp\cakephp-2.1\lib\Cake\Routing\Dispatcher.php(85): Dispatcher->_invoke(Object(PagesController), Object(CakeRequest), Object(CakeResponse))
#7 D:\proyectos\webtis_panel\src\webroot\index.php(97): Dispatcher->dispatch(Object(CakeRequest), Object(CakeResponse))
#8 {main}
2012-09-26 04:51:01 Error: [MissingViewException] View file "D:\proyectos\webtis_panel\src\View\Pages\img\icon_map.png.ctp" is missing.
#0 C:\xampp\cakephp-2.1\lib\Cake\View\View.php(460): View->_getViewFileName('img/icon_map.pn...')
#1 C:\xampp\cakephp-2.1\lib\Cake\Controller\Controller.php(959): View->render('img/icon_map.pn...', NULL)
#2 D:\proyectos\webtis_panel\src\Controller\PagesController.php(71): Controller->render('img/icon_map.pn...')
#3 [internal function]: PagesController->display('img', 'icon_map.png')
#4 C:\xampp\cakephp-2.1\lib\Cake\Controller\Controller.php(485): ReflectionMethod->invokeArgs(Object(PagesController), Array)
#5 C:\xampp\cakephp-2.1\lib\Cake\Routing\Dispatcher.php(103): Controller->invokeAction(Object(CakeRequest))
#6 C:\xampp\cakephp-2.1\lib\Cake\Routing\Dispatcher.php(85): Dispatcher->_invoke(Object(PagesController), Object(CakeRequest), Object(CakeResponse))
#7 D:\proyectos\webtis_panel\src\webroot\index.php(97): Dispatcher->dispatch(Object(CakeRequest), Object(CakeResponse))
#8 {main}
2012-09-26 13:49:06 Error: [MissingControllerException] Controller class IController could not be found.
#0 D:\proyectos\webtis_panel\src\webroot\index.php(97): Dispatcher->dispatch(Object(CakeRequest), Object(CakeResponse))
#1 {main}
2012-09-26 13:49:10 Error: [MissingControllerException] Controller class ImgController could not be found.
#0 D:\proyectos\webtis_panel\src\webroot\index.php(97): Dispatcher->dispatch(Object(CakeRequest), Object(CakeResponse))
#1 {main}
2012-09-26 13:49:10 Error: [MissingControllerException] Controller class ImgController could not be found.
#0 D:\proyectos\webtis_panel\src\webroot\index.php(97): Dispatcher->dispatch(Object(CakeRequest), Object(CakeResponse))
#1 {main}
2012-09-26 13:49:14 Error: [MissingControllerException] Controller class ImgController could not be found.
#0 D:\proyectos\webtis_panel\src\webroot\index.php(97): Dispatcher->dispatch(Object(CakeRequest), Object(CakeResponse))
#1 {main}
2012-09-26 13:49:16 Error: [MissingControllerException] Controller class ImgController could not be found.
#0 D:\proyectos\webtis_panel\src\webroot\index.php(97): Dispatcher->dispatch(Object(CakeRequest), Object(CakeResponse))
#1 {main}
2012-09-26 13:49:16 Error: [MissingControllerException] Controller class ImgController could not be found.
#0 D:\proyectos\webtis_panel\src\webroot\index.php(97): Dispatcher->dispatch(Object(CakeRequest), Object(CakeResponse))
#1 {main}
2012-09-26 13:49:17 Error: [MissingControllerException] Controller class ImgController could not be found.
#0 D:\proyectos\webtis_panel\src\webroot\index.php(97): Dispatcher->dispatch(Object(CakeRequest), Object(CakeResponse))
#1 {main}
2012-09-26 13:49:26 Error: [MissingControllerException] Controller class ImgController could not be found.
#0 D:\proyectos\webtis_panel\src\webroot\index.php(97): Dispatcher->dispatch(Object(CakeRequest), Object(CakeResponse))
#1 {main}
2012-09-26 13:49:27 Error: [MissingControllerException] Controller class ImgController could not be found.
#0 D:\proyectos\webtis_panel\src\webroot\index.php(97): Dispatcher->dispatch(Object(CakeRequest), Object(CakeResponse))
#1 {main}
2012-09-26 13:49:29 Error: [MissingControllerException] Controller class ImgController could not be found.
#0 D:\proyectos\webtis_panel\src\webroot\index.php(97): Dispatcher->dispatch(Object(CakeRequest), Object(CakeResponse))
#1 {main}
2012-09-26 13:49:41 Error: [MissingControllerException] Controller class ImgController could not be found.
#0 D:\proyectos\webtis_panel\src\webroot\index.php(97): Dispatcher->dispatch(Object(CakeRequest), Object(CakeResponse))
#1 {main}
2012-09-26 13:49:48 Error: [MissingControllerException] Controller class ImgController could not be found.
#0 D:\proyectos\webtis_panel\src\webroot\index.php(97): Dispatcher->dispatch(Object(CakeRequest), Object(CakeResponse))
#1 {main}
2012-09-26 13:50:38 Error: [MissingControllerException] Controller class ImgController could not be found.
#0 D:\proyectos\webtis_panel\src\webroot\index.php(97): Dispatcher->dispatch(Object(CakeRequest), Object(CakeResponse))
#1 {main}
2012-09-26 13:50:38 Error: [MissingControllerException] Controller class ImgController could not be found.
#0 D:\proyectos\webtis_panel\src\webroot\index.php(97): Dispatcher->dispatch(Object(CakeRequest), Object(CakeResponse))
#1 {main}
2012-09-26 13:50:39 Error: [MissingControllerException] Controller class ImgController could not be found.
#0 D:\proyectos\webtis_panel\src\webroot\index.php(97): Dispatcher->dispatch(Object(CakeRequest), Object(CakeResponse))
#1 {main}
2012-09-26 13:50:39 Error: [MissingControllerException] Controller class ImgController could not be found.
#0 D:\proyectos\webtis_panel\src\webroot\index.php(97): Dispatcher->dispatch(Object(CakeRequest), Object(CakeResponse))
#1 {main}
2012-09-26 13:52:05 Error: [MissingControllerException] Controller class IController could not be found.
#0 D:\proyectos\webtis_panel\src\webroot\index.php(97): Dispatcher->dispatch(Object(CakeRequest), Object(CakeResponse))
#1 {main}
2012-09-26 13:52:09 Error: [MissingControllerException] Controller class ImgController could not be found.
#0 D:\proyectos\webtis_panel\src\webroot\index.php(97): Dispatcher->dispatch(Object(CakeRequest), Object(CakeResponse))
#1 {main}
2012-09-26 13:52:09 Error: [MissingControllerException] Controller class ImgController could not be found.
#0 D:\proyectos\webtis_panel\src\webroot\index.php(97): Dispatcher->dispatch(Object(CakeRequest), Object(CakeResponse))
#1 {main}
2012-09-26 13:52:10 Error: [MissingControllerException] Controller class ImgController could not be found.
#0 D:\proyectos\webtis_panel\src\webroot\index.php(97): Dispatcher->dispatch(Object(CakeRequest), Object(CakeResponse))
#1 {main}
2012-09-26 13:52:12 Error: [MissingControllerException] Controller class ImgController could not be found.
#0 D:\proyectos\webtis_panel\src\webroot\index.php(97): Dispatcher->dispatch(Object(CakeRequest), Object(CakeResponse))
#1 {main}
2012-09-26 13:52:13 Error: [MissingControllerException] Controller class ImgController could not be found.
#0 D:\proyectos\webtis_panel\src\webroot\index.php(97): Dispatcher->dispatch(Object(CakeRequest), Object(CakeResponse))
#1 {main}
2012-09-26 13:52:34 Error: [MissingControllerException] Controller class ImgController could not be found.
#0 D:\proyectos\webtis_panel\src\webroot\index.php(97): Dispatcher->dispatch(Object(CakeRequest), Object(CakeResponse))
#1 {main}
2012-09-26 13:55:33 Error: [MissingControllerException] Controller class ImgController could not be found.
#0 D:\proyectos\webtis_panel\src\webroot\index.php(97): Dispatcher->dispatch(Object(CakeRequest), Object(CakeResponse))
#1 {main}
2012-09-26 14:03:04 Error: [MissingControllerException] Controller class ImgController could not be found.
#0 D:\proyectos\webtis_panel\src\webroot\index.php(97): Dispatcher->dispatch(Object(CakeRequest), Object(CakeResponse))
#1 {main}
2012-09-26 14:03:04 Error: [MissingControllerException] Controller class ImgController could not be found.
#0 D:\proyectos\webtis_panel\src\webroot\index.php(97): Dispatcher->dispatch(Object(CakeRequest), Object(CakeResponse))
#1 {main}
2012-09-26 14:03:05 Error: [MissingControllerException] Controller class ImgController could not be found.
#0 D:\proyectos\webtis_panel\src\webroot\index.php(97): Dispatcher->dispatch(Object(CakeRequest), Object(CakeResponse))
#1 {main}
2012-09-26 14:06:44 Error: [MissingControllerException] Controller class ImgController could not be found.
#0 D:\proyectos\webtis_panel\src\webroot\index.php(97): Dispatcher->dispatch(Object(CakeRequest), Object(CakeResponse))
#1 {main}
2012-09-26 14:06:45 Error: [MissingControllerException] Controller class ImgController could not be found.
#0 D:\proyectos\webtis_panel\src\webroot\index.php(97): Dispatcher->dispatch(Object(CakeRequest), Object(CakeResponse))
#1 {main}
2012-09-26 14:08:07 Error: [MissingControllerException] Controller class ImgController could not be found.
#0 D:\proyectos\webtis_panel\src\webroot\index.php(97): Dispatcher->dispatch(Object(CakeRequest), Object(CakeResponse))
#1 {main}
2012-09-26 14:12:25 Error: [MissingControllerException] Controller class ImgController could not be found.
#0 D:\proyectos\webtis_panel\src\webroot\index.php(97): Dispatcher->dispatch(Object(CakeRequest), Object(CakeResponse))
#1 {main}
2012-09-26 14:12:57 Error: [MissingControllerException] Controller class ImgController could not be found.
#0 D:\proyectos\webtis_panel\src\webroot\index.php(97): Dispatcher->dispatch(Object(CakeRequest), Object(CakeResponse))
#1 {main}
